Arguments: 
  /home/heather/.nvm/versions/node/v8.11.4/bin/node /usr/share/yarn/bin/yarn.js

PATH: 
  /home/heather/.nvm/versions/node/v8.11.4/bin:/usr/local/sbin:/usr/local/bin:/usr/sbin:/usr/bin:/sbin:/bin:/usr/games:/usr/local/games

Yarn version: 
  1.9.4

Node version: 
  8.11.4

Platform: 
  linux x64

Trace: 
  Error: https://registry.yarnpkg.com/@fortawesome%2ffontawesome-pro: Not found
      at Request.params.callback [as _callback] (/usr/share/yarn/lib/cli.js:64202:18)
      at Request.self.callback (/usr/share/yarn/lib/cli.js:137468:22)
      at emitTwo (events.js:126:13)
      at Request.emit (events.js:214:7)
      at Request.<anonymous> (/usr/share/yarn/lib/cli.js:138440:10)
      at emitOne (events.js:116:13)
      at Request.emit (events.js:211:7)
      at IncomingMessage.<anonymous> (/usr/share/yarn/lib/cli.js:138362:12)
      at Object.onceWrapper (events.js:313:30)
      at emitNone (events.js:111:20)

npm manifest: 
  {
    "name": "pokemon-evolution",
    "version": "0.1.0",
    "description": "Pokemon Evolution",
    "main": "index.js",
    "author": "Heather MacPhail",
    "engines": {
      "node": "8.11.4"
    },
    "scripts": {
      "start": "node app.js",
      "migrations": "sequelize db:migrate --migrations-path=server/migrations",
      "seed": "sequelize db:seed:all --seeders-path=server/seeders",
      "client": "ng serve --port 3000",
      "server": "nodemon app.js",
      "watch": "watchify app/js/app.js -o app/js/_bundle.js"
    },
    "private": true,
    "repository": {
      "type": "git",
      "url": "git+https://github.com/hmacphail/pokemon-evolution.git"
    },
    "dependencies": {
      "@angular/cli": "^6.0.8",
      "@angular/common": "^6.0.6",
      "@angular/compiler": "^6.0.6",
      "@angular/core": "^6.0.6",
      "@angular/forms": "^6.0.6",
      "@angular/http": "^6.0.6",
      "@angular/platform-browser": "^6.0.6",
      "@angular/platform-browser-dynamic": "^6.0.6",
      "@angular/router": "^6.0.6",
      "@fortawesome/fontawesome-pro": "^5.1.0",
      "@ng-bootstrap/ng-bootstrap": "^2.1.1",
      "@swimlane/ngx-datatable": "^13.0.1",
      "body-parser": "^1.18.3",
      "bootstrap": "^4.1.1",
      "core.js": "^0.4.2",
      "express": "^4.16.3",
      "jquery": "^3.3.1",
      "method-override": "^2.3.10",
      "morgan": "^1.9.0",
      "open-sans-fontface": "^1.4.0",
      "pg": "^7.4.3",
      "pg-hstore": "^2.3.2",
      "popper.js": "^1.14.3",
      "rxjs": "^6.2.1",
      "sequelize": "^4.37.10",
      "sequelize-cli": "^4.0.0",
      "zone.js": "^0.8.26"
    },
    "devDependencies": {
      "@angular-devkit/build-angular": "^0.6.8",
      "@angular/compiler-cli": "^6.0.6",
      "@types/node": "^10.3.4",
      "nodemon": "^1.17.5",
      "typescript": "~2.7.2",
      "watchify": "^3.11.0"
    },
    "license": "ISC",
    "keywords": [
      "pokemon",
      "evolution",
      "guide",
      "level",
      "type",
      "effect",
      "ability",
      "move",
      "generation"
    ]
  }

yarn manifest: 
  No manifest

Lockfile: 
  No lockfile
